<?xml version="1.0" encoding="UTF-8"?>
<!-- Generated by org.testng.reporters.JUnitXMLReporter -->
<testsuite ignored="0" hostname="LAPTOP-MFTM25JK" failures="1" tests="8" name="MultipleTest" time="0.103" errors="0" timestamp="2022-05-16T20:46:17 IST">
  <testcase classname="com.sellabs.wdprogram.TestNGProg" name="B" time="0.01">
    <failure type="java.lang.ArithmeticException" message="/ by zero">
      <![CDATA[java.lang.ArithmeticException: / by zero
at com.sellabs.wdprogram.TestNGProg.B(TestNGProg.java:16)
at java.base/java.util.ArrayList.forEach(ArrayList.java:1540)
... Removed 27 stack frames]]>
    </failure>
  </testcase> <!-- B -->
  <testcase classname="com.sellabs.wdprogram.TestNGProg" name="A" time="0.002"/>
  <testcase classname="com.sellabs.wdprogram.TestNGProg" name="D" time="0.002"/>
  <testcase classname="com.sellabs.wdprogram.TestNGProg" name="C" time="0.001"/>
  <testcase classname="com.sellabs.wdprogram.TestNGProgTwo" name="B" time="0.002"/>
  <testcase classname="com.sellabs.wdprogram.TestNGProgTwo" name="A" time="0.001"/>
  <testcase classname="com.sellabs.wdprogram.TestNGProgTwo" name="D" time="0.002"/>
  <testcase classname="com.sellabs.wdprogram.TestNGProgTwo" name="C" time="0.002"/>
</testsuite> <!-- MultipleTest -->
