<?xml version="1.0" encoding="UTF-8"?>
<!-- Generated by org.testng.reporters.JUnitXMLReporter -->
<testsuite ignored="0" hostname="LAPTOP-MFTM25JK" failures="0" tests="4" name="TestTwo" time="0.016" errors="0" timestamp="2022-05-16T20:48:32 IST">
  <testcase classname="com.sellabs.wdprogram.TestNGProgTwo" name="B" time="0.001"/>
  <testcase classname="com.sellabs.wdprogram.TestNGProgTwo" name="A" time="0.001"/>
  <testcase classname="com.sellabs.wdprogram.TestNGProgTwo" name="D" time="0.002"/>
  <testcase classname="com.sellabs.wdprogram.TestNGProgTwo" name="C" time="0.002"/>
</testsuite> <!-- TestTwo -->
